<?xml version="1.0" encoding="utf-8"?><testsuites name="pytest tests"><testsuite name="pytest" errors="0" failures="0" skipped="0" tests="5" time="0.965" timestamp="2026-05-01T18:04:58.020731+00:00" hostname="agent-env-5d63530d-64d5-4297-916f-6f70d4ced92f"><testcase classname="backend.tests.test_covenant_api.TestRoot" name="test_root_returns_server_online" time="0.380" /><testcase classname="backend.tests.test_covenant_api.TestRooms" name="test_get_rooms_returns_list" time="0.067" /><testcase classname="backend.tests.test_covenant_api.TestRooms" name="test_create_room_and_verify_in_list" time="0.136" /><testcase classname="backend.tests.test_covenant_api.TestLeaderboard" name="test_get_leaderboard" time="0.073" /><testcase classname="backend.tests.test_covenant_api.TestLeaderboard" name="test_update_leaderboard" time="0.157" /></testsuite></testsuites>